<?xml version="1.0" encoding="UTF-8"?>
<!-- Generated by org.testng.reporters.JUnitReportReporter -->
<testsuite skipped="0" hostname="PCIN492725" name="com.tests.TestNG" tests="4" failures="0" timestamp="2021-02-24T11:38:31 IST" time="417.787" errors="0">
  <testcase name="fetchFitnessMenu" time="134.673" classname="com.tests.TestNG"/>
  <system-out/>
  <testcase name="closeApplication" time="2.018" classname="com.tests.TestNG"/>
  <system-out/>
  <testcase name="fetchCarWashServices" time="166.234" classname="com.tests.TestNG"/>
  <system-out/>
  <testcase name="checkFreeListing" time="114.862" classname="com.tests.TestNG"/>
  <system-out/>
</testsuite> <!-- com.tests.TestNG -->
