<?xml version="1.0" encoding="UTF-8"?>
<!-- Generated by org.testng.reporters.JUnitReportReporter -->
<testsuite skipped="0" hostname="DESKTOP-UHI90FS" name="com.test.TestNG" tests="4" failures="0" timestamp="2021-03-01T12:44:48 IST" time="195.255" errors="0">
  <testcase name="checkFreeListing" time="53.131" classname="com.test.TestNG"/>
  <system-out/>
  <testcase name="closeApplication" time="7.327" classname="com.test.TestNG"/>
  <system-out/>
  <testcase name="fetchCarWashServices" time="115.912" classname="com.test.TestNG"/>
  <system-out/>
  <testcase name="fetchFitnessMenu" time="18.885" classname="com.test.TestNG"/>
  <system-out/>
</testsuite> <!-- com.test.TestNG -->
