<?xml version="1.0" encoding="UTF-8"?>
<!-- Generated by org.testng.reporters.JUnitReportReporter -->
<testsuite hostname="DESKTOP-UHI90FS" failures="0" tests="4" name="com.test.TestNG" time="198.512" errors="0" timestamp="2021-03-01T12:04:52 IST" skipped="0">
  <testcase classname="com.test.TestNG" name="checkFreeListing" time="48.698"/>
  <system-out/>
  <testcase classname="com.test.TestNG" name="fetchFitnessMenu" time="14.801"/>
  <system-out/>
  <testcase classname="com.test.TestNG" name="closeApplication" time="6.874"/>
  <system-out/>
  <testcase classname="com.test.TestNG" name="fetchCarWashServices" time="128.139"/>
  <system-out/>
</testsuite> <!-- com.test.TestNG -->
